<?xml version="1.0" encoding="UTF-8" ?>
<testsuite failures="0" time="0.744" errors="0" skipped="0" tests="1" name="conan.rocks.SpringAppTests">
  <properties>
    <property name="java.runtime.name" value="Java(TM) SE Runtime Environment"/>
    <property name="sun.boot.library.path" value="C:\dev\jdk1.7.0\jre\bin"/>
    <property name="java.vm.version" value="21.0-b17"/>
    <property name="user.country.format" value="GB"/>
    <property name="java.vm.vendor" value="Oracle Corporation"/>
    <property name="java.vendor.url" value="http://java.oracle.com/"/>
    <property name="path.separator" value=";"/>
    <property name="guice.disable.misplaced.annotation.check" value="true"/>
    <property name="java.vm.name" value="Java HotSpot(TM) 64-Bit Server VM"/>
    <property name="file.encoding.pkg" value="sun.io"/>
    <property name="user.script" value=""/>
    <property name="user.country" value="US"/>
    <property name="sun.java.launcher" value="SUN_STANDARD"/>
    <property name="sun.os.patch.level" value="Service Pack 1"/>
    <property name="java.vm.specification.name" value="Java Virtual Machine Specification"/>
    <property name="user.dir" value="C:\dev\AspectJDemo"/>
    <property name="java.runtime.version" value="1.7.0-b147"/>
    <property name="java.awt.graphicsenv" value="sun.awt.Win32GraphicsEnvironment"/>
    <property name="java.endorsed.dirs" value="C:\dev\jdk1.7.0\jre\lib\endorsed"/>
    <property name="os.arch" value="amd64"/>
    <property name="java.io.tmpdir" value="C:\cygwin\tmp\"/>
    <property name="line.separator" value="
"/>
    <property name="java.vm.specification.vendor" value="Oracle Corporation"/>
    <property name="user.variant" value=""/>
    <property name="os.name" value="Windows 7"/>
    <property name="classworlds.conf" value="C:\dev\apache-maven-3.0.5\/bin/m2.conf"/>
    <property name="sun.jnu.encoding" value="Cp1252"/>
    <property name="java.library.path" value="C:\dev\jdk1.7.0\bin;C:\Windows\Sun\Java\bin;C:\Windows\system32;C:\Windows;C:\cygwin\home\conan\.rvm\gems\ruby-1.9.3-p362\bin;C:\cygwin\home\conan\.rvm\gems\ruby-1.9.3-p362@global\bin;C:\cygwin\home\conan\.rvm\rubies\ruby-1.9.3-p362\bin;C:\cygwin\home\conan\.rvm\bin;C:\cygwin\usr\local\bin;C:\cygwin\bin;C:\dev\cassandra\python;C:\dev\jdk1.7.0\BIN;C:\PROGRAM FILES (X86)\NVIDIA CORPORATION\PHYSX\COMMON;C:\Windows\SYSTEM32;C:\Windows;C:\Windows\SYSTEM32\WBEM;C:\Windows\SYSTEM32\WINDOWSPOWERSHELL\V1.0;C:\PROGRAM FILES (X86)\GIT\CMD;C:\dev\apache-maven-3.0.5\BIN;C:\DEV\APACHE-ANT-1.8.2\BIN;C:\dev\vagrant\vagrant\bin;C:\dev\vagrant\bin;C:\dev\cassandra\apache-cassandra\bin;C:\cygwin\home\conan\.rvm\bin;."/>
    <property name="java.specification.name" value="Java Platform API Specification"/>
    <property name="java.class.version" value="51.0"/>
    <property name="sun.management.compiler" value="HotSpot 64-Bit Tiered Compilers"/>
    <property name="os.version" value="6.1"/>
    <property name="user.home" value="C:\Users\Co"/>
    <property name="user.timezone" value="Europe/London"/>
    <property name="java.awt.printerjob" value="sun.awt.windows.WPrinterJob"/>
    <property name="java.specification.version" value="1.7"/>
    <property name="file.encoding" value="Cp1252"/>
    <property name="user.name" value="Co"/>
    <property name="java.class.path" value="C:\dev\apache-maven-3.0.5\/boot/plexus-classworlds-2.4.jar"/>
    <property name="java.vm.specification.version" value="1.7"/>
    <property name="sun.arch.data.model" value="64"/>
    <property name="java.home" value="C:\dev\jdk1.7.0\jre"/>
    <property name="sun.java.command" value="org.codehaus.plexus.classworlds.launcher.Launcher package"/>
    <property name="java.specification.vendor" value="Oracle Corporation"/>
    <property name="user.language" value="en"/>
    <property name="awt.toolkit" value="sun.awt.windows.WToolkit"/>
    <property name="java.vm.info" value="mixed mode"/>
    <property name="java.version" value="1.7.0"/>
    <property name="java.ext.dirs" value="C:\dev\jdk1.7.0\jre\lib\ext;C:\Windows\Sun\Java\lib\ext"/>
    <property name="sun.boot.class.path" value="C:\dev\jdk1.7.0\jre\lib\resources.jar;C:\dev\jdk1.7.0\jre\lib\rt.jar;C:\dev\jdk1.7.0\jre\lib\sunrsasign.jar;C:\dev\jdk1.7.0\jre\lib\jsse.jar;C:\dev\jdk1.7.0\jre\lib\jce.jar;C:\dev\jdk1.7.0\jre\lib\charsets.jar;C:\dev\jdk1.7.0\jre\classes"/>
    <property name="java.vendor" value="Oracle Corporation"/>
    <property name="maven.home" value="C:\dev\apache-maven-3.0.5"/>
    <property name="file.separator" value="\"/>
    <property name="java.vendor.url.bug" value="http://bugreport.sun.com/bugreport/"/>
    <property name="sun.cpu.endian" value="little"/>
    <property name="sun.io.unicode.encoding" value="UnicodeLittle"/>
    <property name="sun.desktop" value="windows"/>
    <property name="sun.cpu.isalist" value="amd64"/>
  </properties>
  <testcase time="0.565" classname="conan.rocks.SpringAppTests" name="testSayHello"/>
</testsuite>